  sortirovka_third.cpp
C:\Users\iluxa\source\repos\sortirovka_third\sortirovka_third\sortirovka_third.cpp(9,11): warning C4267: инициализация: преобразование из "size_t" в "int"; возможна потеря данных
C:\Users\iluxa\source\repos\sortirovka_third\sortirovka_third\sortirovka_third.cpp(29,13): warning C4566: символ, представленный универсальным именем символа "\u0418", невозможно представить в текущей кодовой странице (1252)
C:\Users\iluxa\source\repos\sortirovka_third\sortirovka_third\sortirovka_third.cpp(29,13): warning C4566: символ, представленный универсальным именем символа "\u0437", невозможно представить в текущей кодовой странице (1252)
C:\Users\iluxa\source\repos\sortirovka_third\sortirovka_third\sortirovka_third.cpp(29,13): warning C4566: символ, представленный универсальным именем символа "\u043D", невозможно представить в текущей кодовой странице (1252)
C:\Users\iluxa\source\repos\sortirovka_third\sortirovka_third\sortirovka_third.cpp(29,13): warning C4566: символ, представленный универсальным именем символа "\u0430", невозможно представить в текущей кодовой странице (1252)
C:\Users\iluxa\source\repos\sortirovka_third\sortirovka_third\sortirovka_third.cpp(29,13): warning C4566: символ, представленный универсальным именем символа "\u0447", невозможно представить в текущей кодовой странице (1252)
C:\Users\iluxa\source\repos\sortirovka_third\sortirovka_third\sortirovka_third.cpp(29,13): warning C4566: символ, представленный универсальным именем символа "\u043B", невозможно представить в текущей кодовой странице (1252)
C:\Users\iluxa\source\repos\sortirovka_third\sortirovka_third\sortirovka_third.cpp(29,13): warning C4566: символ, представленный универсальным именем символа "\u044C", невозможно представить в текущей кодовой странице (1252)
C:\Users\iluxa\source\repos\sortirovka_third\sortirovka_third\sortirovka_third.cpp(29,13): warning C4566: символ, представленный универсальным именем символа "\u044B", невозможно представить в текущей кодовой странице (1252)
C:\Users\iluxa\source\repos\sortirovka_third\sortirovka_third\sortirovka_third.cpp(29,13): warning C4566: символ, представленный универсальным именем символа "\u0439", невозможно представить в текущей кодовой странице (1252)
C:\Users\iluxa\source\repos\sortirovka_third\sortirovka_third\sortirovka_third.cpp(29,13): warning C4566: символ, представленный универсальным именем символа "\u043C", невозможно представить в текущей кодовой странице (1252)
C:\Users\iluxa\source\repos\sortirovka_third\sortirovka_third\sortirovka_third.cpp(29,13): warning C4566: символ, представленный универсальным именем символа "\u0441", невозможно представить в текущей кодовой странице (1252)
C:\Users\iluxa\source\repos\sortirovka_third\sortirovka_third\sortirovka_third.cpp(29,13): warning C4566: символ, представленный универсальным именем символа "\u0438", невозможно представить в текущей кодовой странице (1252)
C:\Users\iluxa\source\repos\sortirovka_third\sortirovka_third\sortirovka_third.cpp(29,13): warning C4566: символ, представленный универсальным именем символа "\u0432", невозможно представить в текущей кодовой странице (1252)
C:\Users\iluxa\source\repos\sortirovka_third\sortirovka_third\sortirovka_third.cpp(31,13): warning C4566: символ, представленный универсальным именем символа "\u041E", невозможно представить в текущей кодовой странице (1252)
C:\Users\iluxa\source\repos\sortirovka_third\sortirovka_third\sortirovka_third.cpp(31,13): warning C4566: символ, представленный универсальным именем символа "\u0442", невозможно представить в текущей кодовой странице (1252)
C:\Users\iluxa\source\repos\sortirovka_third\sortirovka_third\sortirovka_third.cpp(31,13): warning C4566: символ, представленный универсальным именем символа "\u0441", невозможно представить в текущей кодовой странице (1252)
C:\Users\iluxa\source\repos\sortirovka_third\sortirovka_third\sortirovka_third.cpp(31,13): warning C4566: символ, представленный универсальным именем символа "\u043E", невозможно представить в текущей кодовой странице (1252)
C:\Users\iluxa\source\repos\sortirovka_third\sortirovka_third\sortirovka_third.cpp(31,13): warning C4566: символ, представленный универсальным именем символа "\u0440", невозможно представить в текущей кодовой странице (1252)
C:\Users\iluxa\source\repos\sortirovka_third\sortirovka_third\sortirovka_third.cpp(31,13): warning C4566: символ, представленный универсальным именем символа "\u0438", невозможно представить в текущей кодовой странице (1252)
C:\Users\iluxa\source\repos\sortirovka_third\sortirovka_third\sortirovka_third.cpp(31,13): warning C4566: символ, представленный универсальным именем символа "\u0432", невозможно представить в текущей кодовой странице (1252)
C:\Users\iluxa\source\repos\sortirovka_third\sortirovka_third\sortirovka_third.cpp(31,13): warning C4566: символ, представленный универсальным именем символа "\u0430", невозможно представить в текущей кодовой странице (1252)
C:\Users\iluxa\source\repos\sortirovka_third\sortirovka_third\sortirovka_third.cpp(31,13): warning C4566: символ, представленный универсальным именем символа "\u043D", невозможно представить в текущей кодовой странице (1252)
C:\Users\iluxa\source\repos\sortirovka_third\sortirovka_third\sortirovka_third.cpp(31,13): warning C4566: символ, представленный универсальным именем символа "\u044B", невозможно представить в текущей кодовой странице (1252)
C:\Users\iluxa\source\repos\sortirovka_third\sortirovka_third\sortirovka_third.cpp(31,13): warning C4566: символ, представленный универсальным именем символа "\u0439", невозможно представить в текущей кодовой странице (1252)
C:\Users\iluxa\source\repos\sortirovka_third\sortirovka_third\sortirovka_third.cpp(31,13): warning C4566: символ, представленный универсальным именем символа "\u043C", невозможно представить в текущей кодовой странице (1252)
  sortirovka_third.vcxproj -> C:\Users\iluxa\source\repos\sortirovka_third\x64\Debug\sortirovka_third.exe
